# GNU Make 3.81
# Copyright (C) 2006  Free Software Foundation, Inc.
# This is free software; see the source for copying conditions.
# There is NO warranty; not even for MERCHANTABILITY or FITNESS FOR A
# PARTICULAR PURPOSE.

# This program built for i386-apple-darwin11.3.0

# Make data base, printed on Mon Aug 23 11:33:06 2021

# Variables

# automatic
<D = $(patsubst %/,%,$(dir $<))
# environment
PIPENV_PYTHON = /Users/pankajpatel/.pyenv/python
# automatic
?F = $(notdir $?)
# environment
ELECTRON_NO_ATTACH_CONSOLE = 1
# environment
VSCODE_LOG_NATIVE = false
# automatic
?D = $(patsubst %/,%,$(dir $?))
# automatic
@D = $(patsubst %/,%,$(dir $@))
# automatic
@F = $(notdir $@)
# makefile
CURDIR := /Users/pankajpatel/Documents/code/pankaj-lewagon/pankajproject
# makefile
SHELL = /bin/sh
# environment
VSCODE_NLS_CONFIG = {"locale":"en-gb","availableLanguages":{},"_languagePackSupport":true}
# environment
_ = /usr/bin/make
# environment
GOOGLE_APPLICATION_CREDENTIALS = /Users/pankajpatel/.gcppankaj/wagon-bootcamp-322818-5da12947317e.json
# makefile (from `Makefile', line 1)
MAKEFILE_LIST :=  Makefile
# environment
VSCODE_VERBOSE_LOGGING = true
# environment
__CFBundleIdentifier = com.apple.Terminal
# makefile (from `Makefile', line 47)
PYPI_USERNAME = <AUTHOR>
# environment
P9K_SSH = 0
# environment
VSCODE_IPC_HOOK_EXTHOST = /var/folders/rk/bq7jzz8n0lvc9w7z1d5b87q40000gn/T/vscode-ipc-8733bdb1-0d3f-4bfc-9d3b-b8cd19b7dc9d.sock
# environment
VSCODE_CWD = /Users/pankajpatel/Documents/code/pankaj-lewagon/pankajproject
# environment
PATH = /usr/local/Caskroom/google-cloud-sdk/latest/google-cloud-sdk/bin:/usr/local/Cellar/pyenv-virtualenv/1.1.5/shims:/Users/pankajpatel/.pyenv:/Users/pankajpatel/.pyenv/shims:/usr/local/bin:/usr/bin:/bin:/usr/sbin:/sbin
# environment
LSCOLORS = Gxfxcxdxbxegedabagacad
# environment
VIRTUAL_ENV = /Users/pankajpatel/.pyenv/versions/3.8.6/envs/lewagon
# environment
LaunchInstanceID = E06AE60B-7FAE-46E0-898E-952F9B698AD3
# environment
VSCODE_LOG_STACK = false
# environment
ELECTRON_RUN_AS_NODE = 1
# environment
PYENV_ROOT = /Users/pankajpatel/.pyenv
# default
.FEATURES := target-specific order-only second-expansion else-if archives jobserver check-symlink
# environment
SSH_AUTH_SOCK = /private/tmp/com.apple.launchd.5ay2VqNJTR/Listeners
# automatic
%F = $(notdir $%)
# environment
_OLD_VIRTUAL_PS1 = %m%# 
# environment
VSCODE_PIPE_LOGGING = true
# environment
PWD = /Users/pankajpatel/code/pankaj-lewagon/pankajproject
# environment
ORIGINAL_XDG_CURRENT_DESKTOP = undefined
# environment
VSCODE_AMD_ENTRYPOINT = vs/workbench/services/extensions/node/extensionHostProcess
# environment
PYENV_SHELL = zsh
# environment
HOME = /Users/pankajpatel
# default
MAKEFILEPATH = $(shell /usr/bin/xcode-select -print-path 2>/dev/null || echo /Developer)/Makefiles
# environment
VSCODE_CLI = 1
# environment
VSCODE_CODE_CACHE_PATH = /Users/pankajpatel/Library/Application Support/Code/CachedData/3866c3553be8b268c8a7f8c0482c0c0177aa8bfa
# environment
LOGNAME = pankajpatel
# environment
APPLICATION_INSIGHTS_NO_DIAGNOSTIC_CHANNEL = true
# environment
ZSH = /Users/pankajpatel/.oh-my-zsh
# environment
VSCODE_HANDLES_UNCAUGHT_ERRORS = true
# automatic
^D = $(patsubst %/,%,$(dir $^))
# environment
XPC_FLAGS = 0x0
# default
MAKE = $(MAKE_COMMAND)
# default
MAKECMDGOALS := all
# environment
SHLVL = 3
# default
MAKE_VERSION := 3.81
# environment
USER = pankajpatel
# makefile
.DEFAULT_GOAL := install_requirements
# environment
TERM_SESSION_ID = 8CE2DE9D-DA21-4F7E-90E1-9ED103E131E5
# environment
LESS = -R
# automatic
%D = $(patsubst %/,%,$(dir $%))
# default
MAKE_COMMAND := /Library/Developer/CommandLineTools/usr/bin/make
# environment
TERM_PROGRAM = Apple_Terminal
# default
.VARIABLES := 
# environment
TMPDIR = /var/folders/rk/bq7jzz8n0lvc9w7z1d5b87q40000gn/T/
# automatic
*F = $(notdir $*)
# environment
VSCODE_IPC_HOOK = /Users/pankajpatel/Library/Application Support/Code/1.59.1-main.sock
# makefile
MAKEFLAGS = Rrqp
# environment
MFLAGS = -Rrqp
# automatic
*D = $(patsubst %/,%,$(dir $*))
# environment
TERM_PROGRAM_VERSION = 440
# environment
XPC_SERVICE_NAME = 0
# automatic
+D = $(patsubst %/,%,$(dir $+))
# automatic
+F = $(notdir $+)
# environment
__CF_USER_TEXT_ENCODING = 0x1F5:0:2
# default
MAKEFILES := 
# environment
VSCODE_BROWSER_CODE_LOADING = bypassHeatCheck
# automatic
<F = $(notdir $<)
# environment
PAGER = less
# environment
LC_ALL = C
# environment
PYENV_VIRTUAL_ENV = /Users/pankajpatel/.pyenv/versions/3.8.6/envs/lewagon
# environment
SECURITYSESSIONID = 186a9
# environment
P9K_TTY = old
# automatic
^F = $(notdir $^)
# default
SUFFIXES := 
# environment
PYENV_VIRTUALENV_INIT = 1
# default
.INCLUDE_DIRS = /usr/local/include
# environment
MAKELEVEL := 0
# environment
LANG = C
# environment
TERM = xterm-256color
# environment
_P9K_TTY = /dev/ttys002
# environment
VSCODE_PID = 2630
# variable set hash-table stats:
# Load=86/1024=8%, Rehash=0, Collisions=2/112=2%

# Pattern-specific Variable Values

# No pattern-specific variable values.

# Directories

# . (device 16777224, inode 2636312): 15 files, no impossibilities.

# 15 files, no impossibilities in 1 directories.

# Implicit Rules

# No implicit rules.

# Files

black:
#  Implicit rule search has not been done.
#  Modification time never checked.
#  File has not been updated.
#  commands to execute (from `Makefile', line 11):
	@black scripts/* pankajproject/*.py
	

all: clean install test black check_code
#  Command-line target.
#  Implicit rule search has been done.
#  File does not exist.
#  File has been updated.
#  Needs to be updated (-q is set).
# variable set hash-table stats:
# Load=0/32=0%, Rehash=0, Collisions=0/2=0%

install_requirements:
#  Implicit rule search has not been done.
#  Modification time never checked.
#  File has not been updated.
#  commands to execute (from `Makefile', line 5):
	@pip install -r requirements.txt
	

pypi:
#  Implicit rule search has not been done.
#  Modification time never checked.
#  File has not been updated.
#  commands to execute (from `Makefile', line 55):
	@twine upload dist/* -u $(PYPI_USERNAME)
	

# Not a target:
.SUFFIXES:
#  Implicit rule search has not been done.
#  Modification time never checked.
#  File has not been updated.

# Not a target:
Makefile:
#  Implicit rule search has been done.
#  Last modified 2021-08-23 11:31:42
#  File has been updated.
#  Successfully updated.
# variable set hash-table stats:
# Load=0/32=0%, Rehash=0, Collisions=0/0=0%

test:
#  Implicit rule search has not been done.
#  Modification time never checked.
#  File has not been updated.
#  commands to execute (from `Makefile', line 14):
	@coverage run -m pytest tests/*.py
	@coverage report -m --omit="${VIRTUAL_ENV}/lib/python*"
	

build:
#  Implicit rule search has not been done.
#  Modification time never checked.
#  File has not been updated.
#  commands to execute (from `Makefile', line 49):
	@python setup.py sdist bdist_wheel
	

check_code:
#  Implicit rule search has not been done.
#  Modification time never checked.
#  File has not been updated.
#  commands to execute (from `Makefile', line 8):
	@flake8 scripts/* pankajproject/*.py
	

count_lines:
#  Implicit rule search has not been done.
#  Modification time never checked.
#  File has not been updated.
#  commands to execute (from `Makefile', line 34):
	@find ./ -name '*.py' -exec  wc -l {} \; | sort -n| awk \
	'{printf "%4s %s\n", $$1, $$2}{s+=$$0}END{print s}'
	@echo ''
	@find ./scripts -name '*-*' -exec  wc -l {} \; | sort -n| awk \
	'{printf "%4s %s\n", $$1, $$2}{s+=$$0}END{print s}'
	@echo ''
	@find ./tests -name '*.py' -exec  wc -l {} \; | sort -n| awk \
	'{printf "%4s %s\n", $$1, $$2}{s+=$$0}END{print s}'
	@echo ''
	

# Not a target:
.DEFAULT:
#  Implicit rule search has not been done.
#  Modification time never checked.
#  File has not been updated.

clean:
#  Implicit rule search has not been done.
#  Implicit/static pattern stem: `'
#  File does not exist.
#  File has been updated.
#  Needs to be updated (-q is set).
# automatic
# @ := clean
# automatic
# % := 
# automatic
# * := 
# automatic
# + := 
# automatic
# | := 
# automatic
# < := 
# automatic
# ^ := 
# automatic
# ? := 
 
# variable set hash-table stats:
# Load=8/32=25%, Rehash=0, Collisions=1/10=10%
#  commands to execute (from `Makefile', line 21):
	@rm -f */version.txt
	@rm -f .coverage
	@rm -fr */__pycache__ */*.pyc __pycache__
	@rm -fr build dist
	@rm -fr pankajproject-*.dist-info
	@rm -fr pankajproject.egg-info
	

ftest:
#  Implicit rule search has not been done.
#  Modification time never checked.
#  File has not been updated.
#  commands to execute (from `Makefile', line 18):
	@Write me
	

pypi_test:
#  Implicit rule search has not been done.
#  Modification time never checked.
#  File has not been updated.
#  commands to execute (from `Makefile', line 52):
	@twine upload -r testpypi dist/* -u $(PYPI_USERNAME)
	

install:
#  Implicit rule search has not been done.
#  Modification time never checked.
#  File has not been updated.
#  commands to execute (from `Makefile', line 29):
	@pip install . -U
	

# files hash-table stats:
# Load=15/1024=1%, Rehash=0, Collisions=0/34=0%
# VPATH Search Paths

# No `vpath' search paths.

# No general (`VPATH' variable) search path.

# # of strings in strcache: 1
# # of strcache buffers: 1
# strcache size: total = 4096 / max = 4096 / min = 4096 / avg = 4096
# strcache free: total = 4087 / max = 4087 / min = 4087 / avg = 4087

# Finished Make data base on Mon Aug 23 11:33:06 2021

 
